[15:46:36] [Server thread/INFO]: Starting minecraft server version 1.12.2
[15:46:36] [Server thread/INFO]: Loading properties
[15:46:36] [Server thread/INFO]: Default game type: SURVIVAL
[15:46:36] [Server thread/INFO]: This server is running CraftBukkit version git-Spigot-79a30d7-f4830a1 (MC: 1.12.2) (Implementing API version 1.12.2-R0.1-SNAPSHOT)
[15:46:36] [Server thread/INFO]: Debug logging is disabled
[15:46:36] [Server thread/INFO]: Using 4 threads for Netty based IO
[15:46:36] [Server thread/INFO]: Server Ping Player Sample Count: 12

[15:46:36] [Server thread/INFO]: Generating keypair
[15:46:36] [Server thread/INFO]: Starting Minecraft server on *:25565
[15:46:36] [Server thread/INFO]: Using epoll channel type
[15:46:36] [Server thread/ERROR]: Could not load 'plugins/workshop_mc_plugin-1.0-SNAPSHOT.jar' in folder 'plugins'
org.bukkit.plugin.InvalidDescriptionException: Invalid plugin.yml
	at org.bukkit.plugin.java.JavaPluginLoader.getPluginDescription(JavaPluginLoader.java:152) ~[spigot-1.12.2.jar:git-Spigot-79a30d7-f4830a1]
	at org.bukkit.plugin.SimplePluginManager.loadPlugins(SimplePluginManager.java:133) [spigot-1.12.2.jar:git-Spigot-79a30d7-f4830a1]
	at org.bukkit.craftbukkit.v1_12_R1.CraftServer.loadPlugins(CraftServer.java:305) [spigot-1.12.2.jar:git-Spigot-79a30d7-f4830a1]
	at net.minecraft.server.v1_12_R1.DedicatedServer.init(DedicatedServer.java:205) [spigot-1.12.2.jar:git-Spigot-79a30d7-f4830a1]
	at net.minecraft.server.v1_12_R1.MinecraftServer.run(MinecraftServer.java:545) [spigot-1.12.2.jar:git-Spigot-79a30d7-f4830a1]
	at java.lang.Thread.run(Thread.java:833) [?:?]
Caused by: java.io.FileNotFoundException: Jar does not contain plugin.yml
	... 6 more
[15:46:36] [Server thread/WARN]: **** SERVER IS RUNNING IN OFFLINE/INSECURE MODE!
[15:46:36] [Server thread/WARN]: The server will make no attempt to authenticate usernames. Beware.
[15:46:36] [Server thread/WARN]: While this makes the game possible to play without internet access, it also opens up the ability for hackers to connect with any username they choose.
[15:46:36] [Server thread/WARN]: To change this, set "online-mode" to "true" in the server.properties file.
[15:46:36] [Server thread/INFO]: **** Beginning UUID conversion, this may take A LONG time ****
[15:46:36] [Server thread/INFO]: Preparing level "world"
[15:46:36] [Server thread/INFO]: -------- World Settings For [world] --------
[15:46:36] [Server thread/INFO]: Cactus Growth Modifier: 100%
[15:46:36] [Server thread/INFO]: Cane Growth Modifier: 100%
[15:46:36] [Server thread/INFO]: Melon Growth Modifier: 100%
[15:46:36] [Server thread/INFO]: Mushroom Growth Modifier: 100%
[15:46:36] [Server thread/INFO]: Pumpkin Growth Modifier: 100%
[15:46:36] [Server thread/INFO]: Sapling Growth Modifier: 100%
[15:46:36] [Server thread/INFO]: Wheat Growth Modifier: 100%
[15:46:36] [Server thread/INFO]: NetherWart Growth Modifier: 100%
[15:46:36] [Server thread/INFO]: Vine Growth Modifier: 100%
[15:46:36] [Server thread/INFO]: Cocoa Growth Modifier: 100%
[15:46:36] [Server thread/INFO]: Mob Spawn Range: 4
[15:46:36] [Server thread/INFO]: Entity Activation Range: An 32 / Mo 32 / Mi 16 / Tiv true
[15:46:36] [Server thread/INFO]: Entity Tracking Range: Pl 48 / An 48 / Mo 48 / Mi 32 / Other 64
[15:46:36] [Server thread/INFO]: Hopper Transfer: 8 Hopper Check: 1 Hopper Amount: 1
[15:46:36] [Server thread/INFO]: Random Lighting Updates: false
[15:46:36] [Server thread/INFO]: Structure Info Saving: true
[15:46:36] [Server thread/INFO]: Custom Map Seeds:  Village: 10387312 Feature: 14357617 Monument: 10387313 Slime: 987234911
[15:46:36] [Server thread/INFO]: Max TNT Explosions: 100
[15:46:36] [Server thread/INFO]: Tile Max Tick Time: 50ms Entity max Tick Time: 50ms
[15:46:36] [Server thread/INFO]: View Distance: 10
[15:46:36] [Server thread/INFO]: Item Despawn Rate: 6000
[15:46:36] [Server thread/INFO]: Item Merge Radius: 2.5
[15:46:36] [Server thread/INFO]: Arrow Despawn Rate: 1200
[15:46:36] [Server thread/INFO]: Allow Zombie Pigmen to spawn from portal blocks: true
[15:46:36] [Server thread/INFO]: Experience Merge Radius: 3.0
[15:46:36] [Server thread/INFO]: Zombie Aggressive Towards Villager: true
[15:46:36] [Server thread/INFO]: Nerfing mobs spawned from spawners: false
[15:46:36] [Server thread/INFO]: -------- World Settings For [world_nether] --------
[15:46:36] [Server thread/INFO]: Cactus Growth Modifier: 100%
[15:46:36] [Server thread/INFO]: Cane Growth Modifier: 100%
[15:46:36] [Server thread/INFO]: Melon Growth Modifier: 100%
[15:46:36] [Server thread/INFO]: Mushroom Growth Modifier: 100%
[15:46:36] [Server thread/INFO]: Pumpkin Growth Modifier: 100%
[15:46:36] [Server thread/INFO]: Sapling Growth Modifier: 100%
[15:46:36] [Server thread/INFO]: Wheat Growth Modifier: 100%
[15:46:36] [Server thread/INFO]: NetherWart Growth Modifier: 100%
[15:46:36] [Server thread/INFO]: Vine Growth Modifier: 100%
[15:46:36] [Server thread/INFO]: Cocoa Growth Modifier: 100%
[15:46:36] [Server thread/INFO]: Mob Spawn Range: 4
[15:46:36] [Server thread/INFO]: Entity Activation Range: An 32 / Mo 32 / Mi 16 / Tiv true
[15:46:36] [Server thread/INFO]: Entity Tracking Range: Pl 48 / An 48 / Mo 48 / Mi 32 / Other 64
[15:46:36] [Server thread/INFO]: Hopper Transfer: 8 Hopper Check: 1 Hopper Amount: 1
[15:46:36] [Server thread/INFO]: Random Lighting Updates: false
[15:46:36] [Server thread/INFO]: Structure Info Saving: true
[15:46:36] [Server thread/INFO]: Custom Map Seeds:  Village: 10387312 Feature: 14357617 Monument: 10387313 Slime: 987234911
[15:46:36] [Server thread/INFO]: Max TNT Explosions: 100
[15:46:36] [Server thread/INFO]: Tile Max Tick Time: 50ms Entity max Tick Time: 50ms
[15:46:36] [Server thread/INFO]: View Distance: 10
[15:46:36] [Server thread/INFO]: Item Despawn Rate: 6000
[15:46:36] [Server thread/INFO]: Item Merge Radius: 2.5
[15:46:36] [Server thread/INFO]: Arrow Despawn Rate: 1200
[15:46:36] [Server thread/INFO]: Allow Zombie Pigmen to spawn from portal blocks: true
[15:46:36] [Server thread/INFO]: Experience Merge Radius: 3.0
[15:46:36] [Server thread/INFO]: Zombie Aggressive Towards Villager: true
[15:46:36] [Server thread/INFO]: Nerfing mobs spawned from spawners: false
[15:46:36] [Server thread/INFO]: -------- World Settings For [world_the_end] --------
[15:46:36] [Server thread/INFO]: Cactus Growth Modifier: 100%
[15:46:36] [Server thread/INFO]: Cane Growth Modifier: 100%
[15:46:36] [Server thread/INFO]: Melon Growth Modifier: 100%
[15:46:36] [Server thread/INFO]: Mushroom Growth Modifier: 100%
[15:46:36] [Server thread/INFO]: Pumpkin Growth Modifier: 100%
[15:46:36] [Server thread/INFO]: Sapling Growth Modifier: 100%
[15:46:36] [Server thread/INFO]: Wheat Growth Modifier: 100%
[15:46:36] [Server thread/INFO]: NetherWart Growth Modifier: 100%
[15:46:36] [Server thread/INFO]: Vine Growth Modifier: 100%
[15:46:36] [Server thread/INFO]: Cocoa Growth Modifier: 100%
[15:46:36] [Server thread/INFO]: Mob Spawn Range: 4
[15:46:36] [Server thread/INFO]: Entity Activation Range: An 32 / Mo 32 / Mi 16 / Tiv true
[15:46:36] [Server thread/INFO]: Entity Tracking Range: Pl 48 / An 48 / Mo 48 / Mi 32 / Other 64
[15:46:36] [Server thread/INFO]: Hopper Transfer: 8 Hopper Check: 1 Hopper Amount: 1
[15:46:36] [Server thread/INFO]: Random Lighting Updates: false
[15:46:36] [Server thread/INFO]: Structure Info Saving: true
[15:46:36] [Server thread/INFO]: Custom Map Seeds:  Village: 10387312 Feature: 14357617 Monument: 10387313 Slime: 987234911
[15:46:36] [Server thread/INFO]: Max TNT Explosions: 100
[15:46:36] [Server thread/INFO]: Tile Max Tick Time: 50ms Entity max Tick Time: 50ms
[15:46:36] [Server thread/INFO]: View Distance: 10
[15:46:36] [Server thread/INFO]: Item Despawn Rate: 6000
[15:46:36] [Server thread/INFO]: Item Merge Radius: 2.5
[15:46:36] [Server thread/INFO]: Arrow Despawn Rate: 1200
[15:46:36] [Server thread/INFO]: Allow Zombie Pigmen to spawn from portal blocks: true
[15:46:36] [Server thread/INFO]: Experience Merge Radius: 3.0
[15:46:36] [Server thread/INFO]: Zombie Aggressive Towards Villager: true
[15:46:36] [Server thread/INFO]: Nerfing mobs spawned from spawners: false
[15:46:36] [Server thread/INFO]: Preparing start region for level 0 (Seed: 2430668640144280702)
[15:46:37] [Server thread/INFO]: Preparing start region for level 1 (Seed: 2430668640144280702)
[15:46:37] [Server thread/INFO]: Preparing start region for level 2 (Seed: 2430668640144280702)
[15:46:37] [Server thread/INFO]: Server permissions file permissions.yml is empty, ignoring it
[15:46:37] [Server thread/INFO]: Done (1.539s)! For help, type "help" or "?"
